
> nuper-next-postgresql@1.0.0 build
> prisma generate && next build

Environment variables loaded from .env
Prisma schema loaded from prisma\schema.prisma

✔ Generated Prisma Client (v5.22.0) to .\node_modules\@prisma\client in 80ms

Start by importing your Prisma Client (See: https://pris.ly/d/importing-client)

Tip: Want real-time updates to your database without manual polling? Discover how with Pulse: https://pris.ly/tip-0-pulse

   ▲ Next.js 16.0.10 (Turbopack)
   - Environments: .env

   Creating an optimized production build ...
 ✓ Compiled successfully in 4.6s
   Running TypeScript ...
Failed to compile.

./src/auth.ts:9:5
Type error: Type 'import("D:/Projects/nuper-project/nuper-next-postgresql/node_modules/@auth/prisma-adapter/node_modules/@auth/core/adapters").Adapter' is not assignable to type 'import("D:/Projects/nuper-project/nuper-next-postgresql/node_modules/@auth/core/adapters").Adapter'.
  Types of property 'createUser' are incompatible.
    Type '((user: import("D:/Projects/nuper-project/nuper-next-postgresql/node_modules/@auth/prisma-adapter/node_modules/@auth/core/adapters").AdapterUser) => import("D:/Projects/nuper-project/nuper-next-postgresql/node_modules/@auth/prisma-adapter/node_modules/@auth/core/types").Awaitable<import("D:/Projects/nuper-project/nu...' is not assignable to type '((user: import("D:/Projects/nuper-project/nuper-next-postgresql/node_modules/@auth/core/adapters").AdapterUser) => import("D:/Projects/nuper-project/nuper-next-postgresql/node_modules/@auth/core/types").Awaitable<import("D:/Projects/nuper-project/nuper-next-postgresql/node_modules/@auth/core/adapters").AdapterUser>)...'.
      Type '(user: import("D:/Projects/nuper-project/nuper-next-postgresql/node_modules/@auth/prisma-adapter/node_modules/@auth/core/adapters").AdapterUser) => import("D:/Projects/nuper-project/nuper-next-postgresql/node_modules/@auth/prisma-adapter/node_modules/@auth/core/types").Awaitable<import("D:/Projects/nuper-project/nup...' is not assignable to type '(user: import("D:/Projects/nuper-project/nuper-next-postgresql/node_modules/@auth/core/adapters").AdapterUser) => import("D:/Projects/nuper-project/nuper-next-postgresql/node_modules/@auth/core/types").Awaitable<import("D:/Projects/nuper-project/nuper-next-postgresql/node_modules/@auth/core/adapters").AdapterUser>'.
        Type 'import("D:/Projects/nuper-project/nuper-next-postgresql/node_modules/@auth/prisma-adapter/node_modules/@auth/core/types").Awaitable<import("D:/Projects/nuper-project/nuper-next-postgresql/node_modules/@auth/prisma-adapter/node_modules/@auth/core/adapters").AdapterUser>' is not assignable to type 'import("D:/Projects/nuper-project/nuper-next-postgresql/node_modules/@auth/core/types").Awaitable<import("D:/Projects/nuper-project/nuper-next-postgresql/node_modules/@auth/core/adapters").AdapterUser>'.
          Type 'AdapterUser' is not assignable to type 'Awaitable<AdapterUser>'.
            Property 'role' is missing in type 'import("D:/Projects/nuper-project/nuper-next-postgresql/node_modules/@auth/prisma-adapter/node_modules/@auth/core/adapters").AdapterUser' but required in type 'import("D:/Projects/nuper-project/nuper-next-postgresql/node_modules/@auth/core/adapters").AdapterUser'.

[0m [90m  7 |[39m
 [90m  8 |[39m [36mexport[39m [36mconst[39m { handlers[33m,[39m signIn[33m,[39m signOut[33m,[39m auth } [33m=[39m [33mNextAuth[39m({
[31m[1m>[22m[39m[90m  9 |[39m     adapter[33m:[39m [33mPrismaAdapter[39m(prisma)[33m,[39m
 [90m    |[39m     [31m[1m^[22m[39m
 [90m 10 |[39m     session[33m:[39m { strategy[33m:[39m [32m"jwt"[39m }[33m,[39m
 [90m 11 |[39m     providers[33m:[39m [
 [90m 12 |[39m         [33mGoogle[39m({[0m
Next.js build worker exited with code: 1 and signal: null
