
> nuper-next-postgresql@1.0.0 build
> prisma generate && next build

Environment variables loaded from .env
Prisma schema loaded from prisma\schema.prisma

✔ Generated Prisma Client (v5.22.0) to .\node_modules\@prisma\client in 59ms

Start by importing your Prisma Client (See: https://pris.ly/d/importing-client)

Tip: Interested in query caching in just a few lines of code? Try Accelerate today! https://pris.ly/tip-3-accelerate

   ▲ Next.js 16.0.10 (Turbopack)
   - Environments: .env

   Creating an optimized production build ...
 ✓ Compiled successfully in 3.0s
   Running TypeScript ...
   Collecting page data using 19 workers ...
   Generating static pages using 19 workers (0/34) ...
   Generating static pages using 19 workers (8/34) 
Error occurred prerendering page "/ideas". Read more: https://nextjs.org/docs/messages/prerender-error
Error [PrismaClientInitializationError]: 
Invalid `prisma.project.findMany()` invocation:


Error querying the database: FATAL: Tenant or user not found
    at async g (D:\Projects\nuper-project\nuper-next-postgresql\.next\server\chunks\ssr\[root-of-the-server]__64b5aa51._.js:1:4753) {
  clientVersion: '5.22.0',
  errorCode: undefined,
  digest: '44647568'
}
Export encountered an error on /(public)/ideas/page: /ideas, exiting the build.
 ⨯ Next.js build worker exited with code: 1 and signal: null
