Testing String input for Json field...
Error with String:

Invalid `prisma.event.create()` invocation in
D:\Projects\nuper-project\nuper-next-postgresql\prisma\inspect_string.js:9:40

  6 async function inspect() {
  7     let log = 'Testing String input for Json field...\n';
  8     try {
→ 9         const res = await prisma.event.create({
              data: {
                title: "Test String 3",
                slug: "test-string-1765278187436",
                content: "{\"foo\":\"bar\"}",
                published: true,
                ~~~~~~~~~
            ?   id?: String,
            ?   description?: String | Null,
            ?   date?: String | Null,
            ?   location?: String | Null,
            ?   organizer?: String | Null,
            ?   cardImage?: String | Null,
            ?   createdAt?: DateTime,
            ?   updatedAt?: DateTime
              }
            })

Unknown argument `published`. Available options are marked with ?.
